2025-02-18 09:12:04.408 INFO  2202  --- [main] f.d.d.DemoapirestApplication : Starting DemoapirestApplication using Java 17.0.12 with PID 3912 (C:\Users\oem\Desktop\SpringFormation\demoapirest\target\classes started by oem in C:\Users\oem\Desktop\SpringFormation\demoapirest)
2025-02-18 09:12:04.429 INFO  2223  --- [main] f.d.d.DemoapirestApplication : The following 1 profile is active: "dev"
2025-02-18 09:12:06.522 INFO  4316  --- [main] o.s.d.r.c.RepositoryConfigurationDelegate : Bootstrapping Spring Data JPA repositories in DEFAULT mode.
2025-02-18 09:12:06.590 INFO  4384  --- [main] o.s.d.r.c.RepositoryConfigurationDelegate : Finished Spring Data repository scanning in 36 ms. Found 0 JPA repository interfaces.
2025-02-18 09:12:08.349 INFO  6143  --- [main] o.s.b.w.e.tomcat.TomcatWebServer : Tomcat initialized with port 8085 (http)
2025-02-18 09:12:08.383 INFO  6177  --- [main] o.a.catalina.core.StandardService : Starting service [Tomcat]
2025-02-18 09:12:08.384 INFO  6178  --- [main] o.a.catalina.core.StandardEngine : Starting Servlet engine: [Apache Tomcat/10.1.34]
2025-02-18 09:12:08.550 INFO  6344  --- [main] o.a.c.c.C.[Tomcat].[localhost].[/] : Initializing Spring embedded WebApplicationContext
2025-02-18 09:12:08.574 INFO  6368  --- [main] o.s.b.w.s.c.ServletWebServerApplicationContext : Root WebApplicationContext: initialization completed in 3976 ms
2025-02-18 09:12:08.731 WARN  6525  --- [main] o.s.b.w.s.c.AnnotationConfigServletWebServerApplicationContext : Exception encountered during context initialization - cancelling refresh attempt: org.springframework.beans.factory.BeanCreationException: Error creating bean with name 'entityManagerFactory' defined in class path resource [org/springframework/boot/autoconfigure/orm/jpa/HibernateJpaConfiguration.class]: Failed to initialize dependency 'dataSourceScriptDatabaseInitializer' of LoadTimeWeaverAware bean 'entityManagerFactory': Error creating bean with name 'dataSourceScriptDatabaseInitializer' defined in class path resource [org/springframework/boot/autoconfigure/sql/init/DataSourceInitializationConfiguration.class]: Unsatisfied dependency expressed through method 'dataSourceScriptDatabaseInitializer' parameter 0: Error creating bean with name 'dataSource' defined in class path resource [org/springframework/boot/autoconfigure/jdbc/DataSourceConfiguration$Hikari.class]: Failed to instantiate [com.zaxxer.hikari.HikariDataSource]: Factory method 'dataSource' threw exception with message: Failed to determine a suitable driver class
2025-02-18 09:12:08.737 INFO  6531  --- [main] o.a.catalina.core.StandardService : Stopping service [Tomcat]
2025-02-18 09:12:08.786 INFO  6580  --- [main] o.s.b.a.l.ConditionEvaluationReportLogger : 

Error starting ApplicationContext. To display the condition evaluation report re-run your application with 'debug' enabled.
2025-02-18 09:12:08.862 ERROR 6656  --- [main] o.s.b.d.LoggingFailureAnalysisReporter : 

***************************
APPLICATION FAILED TO START
***************************

Description:

Failed to configure a DataSource: 'url' attribute is not specified and no embedded datasource could be configured.

Reason: Failed to determine a suitable driver class


Action:

Consider the following:
	If you want an embedded database (H2, HSQL or Derby), please put it on the classpath.
	If you have database settings to be loaded from a particular profile you may need to activate it (the profiles dev are currently active).

2025-02-18 09:16:22.438 INFO  2084  --- [main] f.d.d.DemoapirestApplication : Starting DemoapirestApplication using Java 17.0.12 with PID 11432 (C:\Users\oem\Desktop\SpringFormation\demoapirest\target\classes started by oem in C:\Users\oem\Desktop\SpringFormation\demoapirest)
2025-02-18 09:16:22.441 INFO  2087  --- [main] f.d.d.DemoapirestApplication : The following 1 profile is active: "dev"
2025-02-18 09:16:25.369 INFO  5015  --- [main] o.s.d.r.c.RepositoryConfigurationDelegate : Bootstrapping Spring Data JPA repositories in DEFAULT mode.
2025-02-18 09:16:25.443 INFO  5089  --- [main] o.s.d.r.c.RepositoryConfigurationDelegate : Finished Spring Data repository scanning in 51 ms. Found 0 JPA repository interfaces.
2025-02-18 09:16:27.232 INFO  6878  --- [main] o.s.b.w.e.tomcat.TomcatWebServer : Tomcat initialized with port 8085 (http)
2025-02-18 09:16:27.457 INFO  7103  --- [main] o.s.b.w.s.c.ServletWebServerApplicationContext : Root WebApplicationContext: initialization completed in 4897 ms
2025-02-18 09:16:27.611 WARN  7257  --- [main] o.s.b.w.s.c.AnnotationConfigServletWebServerApplicationContext : Exception encountered during context initialization - cancelling refresh attempt: org.springframework.beans.factory.BeanCreationException: Error creating bean with name 'entityManagerFactory' defined in class path resource [org/springframework/boot/autoconfigure/orm/jpa/HibernateJpaConfiguration.class]: Failed to initialize dependency 'dataSourceScriptDatabaseInitializer' of LoadTimeWeaverAware bean 'entityManagerFactory': Error creating bean with name 'dataSourceScriptDatabaseInitializer' defined in class path resource [org/springframework/boot/autoconfigure/sql/init/DataSourceInitializationConfiguration.class]: Unsatisfied dependency expressed through method 'dataSourceScriptDatabaseInitializer' parameter 0: Error creating bean with name 'dataSource' defined in class path resource [org/springframework/boot/autoconfigure/jdbc/DataSourceConfiguration$Hikari.class]: Failed to instantiate [com.zaxxer.hikari.HikariDataSource]: Factory method 'dataSource' threw exception with message: Failed to determine a suitable driver class
2025-02-18 09:24:03.645 INFO  1859  --- [main] f.d.d.DemoapirestApplication : Starting DemoapirestApplication using Java 17.0.12 with PID 11580 (C:\Users\oem\Desktop\SpringFormation\demoapirest\target\classes started by oem in C:\Users\oem\Desktop\SpringFormation\demoapirest)
2025-02-18 09:24:03.650 INFO  1864  --- [main] f.d.d.DemoapirestApplication : The following 1 profile is active: "dev"
2025-02-18 09:24:05.813 INFO  4027  --- [main] o.s.d.r.c.RepositoryConfigurationDelegate : Bootstrapping Spring Data JPA repositories in DEFAULT mode.
2025-02-18 09:24:05.867 INFO  4081  --- [main] o.s.d.r.c.RepositoryConfigurationDelegate : Finished Spring Data repository scanning in 35 ms. Found 0 JPA repository interfaces.
2025-02-18 09:24:06.968 INFO  5182  --- [main] o.s.b.w.e.tomcat.TomcatWebServer : Tomcat initialized with port 8085 (http)
2025-02-18 09:24:06.995 INFO  5209  --- [main] o.a.catalina.core.StandardService : Starting service [Tomcat]
2025-02-18 09:24:06.996 INFO  5210  --- [main] o.a.catalina.core.StandardEngine : Starting Servlet engine: [Apache Tomcat/10.1.34]
2025-02-18 09:24:07.126 INFO  5340  --- [main] o.a.c.c.C.[Tomcat].[localhost].[/] : Initializing Spring embedded WebApplicationContext
2025-02-18 09:24:07.129 INFO  5343  --- [main] o.s.b.w.s.c.ServletWebServerApplicationContext : Root WebApplicationContext: initialization completed in 3356 ms
2025-02-18 09:24:07.526 INFO  5740  --- [main] o.h.jpa.internal.util.LogHelper : HHH000204: Processing PersistenceUnitInfo [name: default]
2025-02-18 09:24:07.641 INFO  5855  --- [main] org.hibernate.Version : HHH000412: Hibernate ORM core version 6.6.5.Final
2025-02-18 09:24:07.706 INFO  5920  --- [main] o.h.c.i.RegionFactoryInitiator : HHH000026: Second-level cache disabled
2025-02-18 09:24:08.362 INFO  6576  --- [main] o.s.o.j.p.SpringPersistenceUnitInfo : No LoadTimeWeaver setup: ignoring JPA class transformer
2025-02-18 09:24:08.426 INFO  6640  --- [main] com.zaxxer.hikari.HikariDataSource : HikariPool-1 - Starting...
2025-02-18 09:24:08.615 INFO  6829  --- [main] com.zaxxer.hikari.pool.HikariPool : HikariPool-1 - Added connection org.mariadb.jdbc.Connection@7657d90b
2025-02-18 09:24:08.620 INFO  6834  --- [main] com.zaxxer.hikari.HikariDataSource : HikariPool-1 - Start completed.
2025-02-18 09:24:08.740 INFO  6954  --- [main] o.hibernate.orm.connections.pooling : HHH10001005: Database info:
	Database JDBC URL [Connecting through datasource 'HikariDataSource (HikariPool-1)']
	Database driver: undefined/unknown
	Database version: 11.5.2
	Autocommit mode: undefined/unknown
	Isolation level: undefined/unknown
	Minimum pool size: undefined/unknown
	Maximum pool size: undefined/unknown
2025-02-18 09:24:09.359 INFO  7573  --- [main] o.h.e.t.j.p.i.JtaPlatformInitiator : HHH000489: No JTA platform available (set 'hibernate.transaction.jta.platform' to enable JTA platform integration)
2025-02-18 09:24:09.368 INFO  7582  --- [main] o.s.o.j.LocalContainerEntityManagerFactoryBean : Initialized JPA EntityManagerFactory for persistence unit 'default'
2025-02-18 09:24:09.794 WARN  8008  --- [main] o.s.b.a.o.j.JpaBaseConfiguration$JpaWebConfiguration : spring.jpa.open-in-view is enabled by default. Therefore, database queries may be performed during view rendering. Explicitly configure spring.jpa.open-in-view to disable this warning
2025-02-18 09:24:09.907 INFO  8121  --- [main] o.s.v.b.OptionalValidatorFactoryBean : Failed to set up a Bean Validation provider: jakarta.validation.NoProviderFoundException: Unable to create a Configuration, because no Jakarta Bean Validation provider could be found. Add a provider like Hibernate Validator (RI) to your classpath.
2025-02-18 09:24:10.066 DEBUG 8280  --- [main] o.s.w.s.m.m.a.RequestMappingHandlerMapping : 18 mappings in 'requestMappingHandlerMapping'
2025-02-18 09:24:10.168 DEBUG 8382  --- [main] o.s.w.s.h.SimpleUrlHandlerMapping : Patterns [/webjars/**, /**, /swagger-ui*/*swagger-initializer.js, /swagger-ui*/**] in 'resourceHandlerMapping'
2025-02-18 09:24:10.236 DEBUG 8450  --- [main] o.s.w.s.m.m.a.RequestMappingHandlerAdapter : ControllerAdvice beans: 0 @ModelAttribute, 0 @InitBinder, 1 RequestBodyAdvice, 1 ResponseBodyAdvice
2025-02-18 09:24:10.344 DEBUG 8558  --- [main] o.s.w.s.m.m.a.ExceptionHandlerExceptionResolver : ControllerAdvice beans: 2 @ExceptionHandler, 1 ResponseBodyAdvice
2025-02-18 09:24:10.763 INFO  8977  --- [main] o.s.b.w.e.tomcat.TomcatWebServer : Tomcat started on port 8085 (http) with context path '/'
2025-02-18 09:24:10.791 INFO  9005  --- [main] f.d.d.DemoapirestApplication : Started DemoapirestApplication in 8.106 seconds (process running for 9.593)
2025-02-18 09:24:40.474 INFO  38688 --- [SpringApplicationShutdownHook] o.s.b.w.e.tomcat.GracefulShutdown : Commencing graceful shutdown. Waiting for active requests to complete
2025-02-18 09:24:40.490 INFO  38704 --- [tomcat-shutdown] o.s.b.w.e.tomcat.GracefulShutdown : Graceful shutdown complete
2025-02-18 09:24:40.501 INFO  38715 --- [SpringApplicationShutdownHook] o.s.o.j.LocalContainerEntityManagerFactoryBean : Closing JPA EntityManagerFactory for persistence unit 'default'
2025-02-18 09:24:40.504 INFO  38718 --- [SpringApplicationShutdownHook] com.zaxxer.hikari.HikariDataSource : HikariPool-1 - Shutdown initiated...
2025-02-18 09:24:40.513 INFO  38727 --- [SpringApplicationShutdownHook] com.zaxxer.hikari.HikariDataSource : HikariPool-1 - Shutdown completed.
2025-02-18 09:48:21.154 INFO  2032  --- [main] f.d.d.DemoapirestApplication : Starting DemoapirestApplication using Java 17.0.12 with PID 6856 (C:\Users\oem\Desktop\SpringFormation\demoapirest\target\classes started by oem in C:\Users\oem\Desktop\SpringFormation\demoapirest)
2025-02-18 09:48:21.162 INFO  2040  --- [main] f.d.d.DemoapirestApplication : The following 1 profile is active: "dev"
2025-02-18 09:48:23.466 INFO  4344  --- [main] o.s.d.r.c.RepositoryConfigurationDelegate : Bootstrapping Spring Data JPA repositories in DEFAULT mode.
2025-02-18 09:48:23.519 INFO  4397  --- [main] o.s.d.r.c.RepositoryConfigurationDelegate : Finished Spring Data repository scanning in 31 ms. Found 0 JPA repository interfaces.
2025-02-18 09:48:24.402 WARN  5280  --- [main] o.s.b.w.s.c.AnnotationConfigServletWebServerApplicationContext : Exception encountered during context initialization - cancelling refresh attempt: org.springframework.context.ApplicationContextException: Unable to start web server
2025-02-18 09:48:24.447 INFO  5325  --- [main] o.s.b.a.l.ConditionEvaluationReportLogger : 

Error starting ApplicationContext. To display the condition evaluation report re-run your application with 'debug' enabled.
2025-02-18 09:48:24.515 ERROR 5393  --- [main] o.s.b.d.LoggingFailureAnalysisReporter : 

***************************
APPLICATION FAILED TO START
***************************

Description:

Binding to target [Bindable@44fdce3c type = org.springframework.boot.autoconfigure.web.servlet.MultipartProperties, value = 'provided', annotations = array<Annotation>[@org.springframework.boot.context.properties.ConfigurationProperties(ignoreInvalidFields=false, ignoreUnknownFields=false, prefix="spring.servlet.multipart", value="spring.servlet.multipart")], bindMethod = JAVA_BEAN] failed:

    Property: spring.servlet.multipart.max-request-file-size
    Value: "20MB"
    Origin: class path resource [application-dev.properties] - 33:48
    Reason: The elements [spring.servlet.multipart.max-request-file-size] were left unbound.

Action:

Update your application's configuration

2025-02-18 09:49:28.850 INFO  1898  --- [main] f.d.d.DemoapirestApplication : Starting DemoapirestApplication using Java 17.0.12 with PID 2716 (C:\Users\oem\Desktop\SpringFormation\demoapirest\target\classes started by oem in C:\Users\oem\Desktop\SpringFormation\demoapirest)
2025-02-18 09:49:28.885 INFO  1933  --- [main] f.d.d.DemoapirestApplication : The following 1 profile is active: "dev"
2025-02-18 09:49:30.759 INFO  3807  --- [main] o.s.d.r.c.RepositoryConfigurationDelegate : Bootstrapping Spring Data JPA repositories in DEFAULT mode.
2025-02-18 09:49:30.807 INFO  3855  --- [main] o.s.d.r.c.RepositoryConfigurationDelegate : Finished Spring Data repository scanning in 30 ms. Found 0 JPA repository interfaces.
2025-02-18 09:49:32.002 INFO  5050  --- [main] o.s.b.w.e.tomcat.TomcatWebServer : Tomcat initialized with port 8085 (http)
2025-02-18 09:49:32.037 INFO  5085  --- [main] o.a.catalina.core.StandardService : Starting service [Tomcat]
2025-02-18 09:49:32.038 INFO  5086  --- [main] o.a.catalina.core.StandardEngine : Starting Servlet engine: [Apache Tomcat/10.1.34]
2025-02-18 09:49:32.167 INFO  5215  --- [main] o.a.c.c.C.[Tomcat].[localhost].[/] : Initializing Spring embedded WebApplicationContext
2025-02-18 09:49:32.168 INFO  5216  --- [main] o.s.b.w.s.c.ServletWebServerApplicationContext : Root WebApplicationContext: initialization completed in 3089 ms
2025-02-18 09:49:32.536 INFO  5584  --- [main] o.h.jpa.internal.util.LogHelper : HHH000204: Processing PersistenceUnitInfo [name: default]
2025-02-18 09:49:32.627 INFO  5675  --- [main] org.hibernate.Version : HHH000412: Hibernate ORM core version 6.6.5.Final
2025-02-18 09:49:32.709 INFO  5757  --- [main] o.h.c.i.RegionFactoryInitiator : HHH000026: Second-level cache disabled
2025-02-18 09:49:33.311 INFO  6359  --- [main] o.s.o.j.p.SpringPersistenceUnitInfo : No LoadTimeWeaver setup: ignoring JPA class transformer
2025-02-18 09:49:33.369 INFO  6417  --- [main] com.zaxxer.hikari.HikariDataSource : HikariPool-1 - Starting...
2025-02-18 09:49:33.571 INFO  6619  --- [main] com.zaxxer.hikari.pool.HikariPool : HikariPool-1 - Added connection org.mariadb.jdbc.Connection@48ae9e8b
2025-02-18 09:49:33.574 INFO  6622  --- [main] com.zaxxer.hikari.HikariDataSource : HikariPool-1 - Start completed.
2025-02-18 09:49:33.690 INFO  6738  --- [main] o.hibernate.orm.connections.pooling : HHH10001005: Database info:
	Database JDBC URL [Connecting through datasource 'HikariDataSource (HikariPool-1)']
	Database driver: undefined/unknown
	Database version: 11.5.2
	Autocommit mode: undefined/unknown
	Isolation level: undefined/unknown
	Minimum pool size: undefined/unknown
	Maximum pool size: undefined/unknown
2025-02-18 09:49:35.499 INFO  8547  --- [main] o.h.e.t.j.p.i.JtaPlatformInitiator : HHH000489: No JTA platform available (set 'hibernate.transaction.jta.platform' to enable JTA platform integration)
2025-02-18 09:49:35.699 INFO  8747  --- [main] o.s.o.j.LocalContainerEntityManagerFactoryBean : Initialized JPA EntityManagerFactory for persistence unit 'default'
2025-02-18 09:49:36.108 WARN  9156  --- [main] o.s.b.a.o.j.JpaBaseConfiguration$JpaWebConfiguration : spring.jpa.open-in-view is enabled by default. Therefore, database queries may be performed during view rendering. Explicitly configure spring.jpa.open-in-view to disable this warning
2025-02-18 09:49:36.198 INFO  9246  --- [main] o.s.v.b.OptionalValidatorFactoryBean : Failed to set up a Bean Validation provider: jakarta.validation.NoProviderFoundException: Unable to create a Configuration, because no Jakarta Bean Validation provider could be found. Add a provider like Hibernate Validator (RI) to your classpath.
2025-02-18 09:49:36.332 DEBUG 9380  --- [main] o.s.w.s.m.m.a.RequestMappingHandlerMapping : 18 mappings in 'requestMappingHandlerMapping'
2025-02-18 09:49:36.435 DEBUG 9483  --- [main] o.s.w.s.h.SimpleUrlHandlerMapping : Patterns [/webjars/**, /**, /swagger-ui*/*swagger-initializer.js, /swagger-ui*/**] in 'resourceHandlerMapping'
2025-02-18 09:49:36.499 DEBUG 9547  --- [main] o.s.w.s.m.m.a.RequestMappingHandlerAdapter : ControllerAdvice beans: 0 @ModelAttribute, 0 @InitBinder, 1 RequestBodyAdvice, 1 ResponseBodyAdvice
2025-02-18 09:49:36.604 DEBUG 9652  --- [main] o.s.w.s.m.m.a.ExceptionHandlerExceptionResolver : ControllerAdvice beans: 2 @ExceptionHandler, 1 ResponseBodyAdvice
2025-02-18 09:49:37.000 INFO  10048 --- [main] o.s.b.w.e.tomcat.TomcatWebServer : Tomcat started on port 8085 (http) with context path '/'
2025-02-18 09:49:37.035 INFO  10083 --- [main] f.d.d.DemoapirestApplication : Started DemoapirestApplication in 9.207 seconds (process running for 10.605)
2025-02-18 09:53:35.500 INFO  248548 --- [SpringApplicationShutdownHook] o.s.b.w.e.tomcat.GracefulShutdown : Commencing graceful shutdown. Waiting for active requests to complete
2025-02-18 09:53:35.521 INFO  248569 --- [tomcat-shutdown] o.s.b.w.e.tomcat.GracefulShutdown : Graceful shutdown complete
2025-02-18 09:53:35.529 INFO  248577 --- [SpringApplicationShutdownHook] o.s.o.j.LocalContainerEntityManagerFactoryBean : Closing JPA EntityManagerFactory for persistence unit 'default'
2025-02-18 09:53:35.536 INFO  248584 --- [SpringApplicationShutdownHook] com.zaxxer.hikari.HikariDataSource : HikariPool-1 - Shutdown initiated...
2025-02-18 09:53:35.544 INFO  248592 --- [SpringApplicationShutdownHook] com.zaxxer.hikari.HikariDataSource : HikariPool-1 - Shutdown completed.
2025-02-18 10:10:02.373 INFO  1775  --- [main] f.d.d.DemoapirestApplication : Starting DemoapirestApplication using Java 17.0.12 with PID 9052 (C:\Users\oem\Desktop\SpringFormation\demoapirest\target\classes started by oem in C:\Users\oem\Desktop\SpringFormation\demoapirest)
2025-02-18 10:10:02.379 INFO  1781  --- [main] f.d.d.DemoapirestApplication : The following 1 profile is active: "dev"
2025-02-18 10:10:04.185 INFO  3587  --- [main] o.s.d.r.c.RepositoryConfigurationDelegate : Bootstrapping Spring Data JPA repositories in DEFAULT mode.
2025-02-18 10:10:04.239 INFO  3641  --- [main] o.s.d.r.c.RepositoryConfigurationDelegate : Finished Spring Data repository scanning in 31 ms. Found 0 JPA repository interfaces.
2025-02-18 10:10:05.295 INFO  4697  --- [main] o.s.b.w.e.tomcat.TomcatWebServer : Tomcat initialized with port 8085 (http)
2025-02-18 10:10:05.323 INFO  4725  --- [main] o.a.catalina.core.StandardService : Starting service [Tomcat]
2025-02-18 10:10:05.330 INFO  4732  --- [main] o.a.catalina.core.StandardEngine : Starting Servlet engine: [Apache Tomcat/10.1.34]
2025-02-18 10:10:05.466 INFO  4868  --- [main] o.a.c.c.C.[Tomcat].[localhost].[/] : Initializing Spring embedded WebApplicationContext
2025-02-18 10:10:05.466 INFO  4868  --- [main] o.s.b.w.s.c.ServletWebServerApplicationContext : Root WebApplicationContext: initialization completed in 2955 ms
2025-02-18 10:10:05.802 INFO  5204  --- [main] o.h.jpa.internal.util.LogHelper : HHH000204: Processing PersistenceUnitInfo [name: default]
2025-02-18 10:10:05.905 INFO  5307  --- [main] org.hibernate.Version : HHH000412: Hibernate ORM core version 6.6.5.Final
2025-02-18 10:10:05.974 INFO  5376  --- [main] o.h.c.i.RegionFactoryInitiator : HHH000026: Second-level cache disabled
2025-02-18 10:10:06.513 INFO  5915  --- [main] o.s.o.j.p.SpringPersistenceUnitInfo : No LoadTimeWeaver setup: ignoring JPA class transformer
2025-02-18 10:10:06.574 INFO  5976  --- [main] com.zaxxer.hikari.HikariDataSource : HikariPool-1 - Starting...
2025-02-18 10:10:06.848 INFO  6250  --- [main] com.zaxxer.hikari.pool.HikariPool : HikariPool-1 - Added connection org.mariadb.jdbc.Connection@11574592
2025-02-18 10:10:06.848 INFO  6250  --- [main] com.zaxxer.hikari.HikariDataSource : HikariPool-1 - Start completed.
2025-02-18 10:10:06.964 INFO  6366  --- [main] o.hibernate.orm.connections.pooling : HHH10001005: Database info:
	Database JDBC URL [Connecting through datasource 'HikariDataSource (HikariPool-1)']
	Database driver: undefined/unknown
	Database version: 11.5.2
	Autocommit mode: undefined/unknown
	Isolation level: undefined/unknown
	Minimum pool size: undefined/unknown
	Maximum pool size: undefined/unknown
2025-02-18 10:10:08.666 INFO  8068  --- [main] o.h.e.t.j.p.i.JtaPlatformInitiator : HHH000489: No JTA platform available (set 'hibernate.transaction.jta.platform' to enable JTA platform integration)
2025-02-18 10:10:08.864 INFO  8266  --- [main] o.s.o.j.LocalContainerEntityManagerFactoryBean : Initialized JPA EntityManagerFactory for persistence unit 'default'
2025-02-18 10:10:09.248 WARN  8650  --- [main] o.s.b.a.o.j.JpaBaseConfiguration$JpaWebConfiguration : spring.jpa.open-in-view is enabled by default. Therefore, database queries may be performed during view rendering. Explicitly configure spring.jpa.open-in-view to disable this warning
2025-02-18 10:10:09.330 INFO  8732  --- [main] o.s.v.b.OptionalValidatorFactoryBean : Failed to set up a Bean Validation provider: jakarta.validation.NoProviderFoundException: Unable to create a Configuration, because no Jakarta Bean Validation provider could be found. Add a provider like Hibernate Validator (RI) to your classpath.
2025-02-18 10:10:09.481 DEBUG 8883  --- [main] o.s.w.s.m.m.a.RequestMappingHandlerMapping : 18 mappings in 'requestMappingHandlerMapping'
2025-02-18 10:10:09.557 DEBUG 8959  --- [main] o.s.w.s.h.SimpleUrlHandlerMapping : Patterns [/webjars/**, /**, /swagger-ui*/*swagger-initializer.js, /swagger-ui*/**] in 'resourceHandlerMapping'
2025-02-18 10:10:09.626 DEBUG 9028  --- [main] o.s.w.s.m.m.a.RequestMappingHandlerAdapter : ControllerAdvice beans: 0 @ModelAttribute, 0 @InitBinder, 1 RequestBodyAdvice, 1 ResponseBodyAdvice
2025-02-18 10:10:09.722 DEBUG 9124  --- [main] o.s.w.s.m.m.a.ExceptionHandlerExceptionResolver : ControllerAdvice beans: 2 @ExceptionHandler, 1 ResponseBodyAdvice
2025-02-18 10:10:10.085 INFO  9487  --- [main] o.s.b.w.e.tomcat.TomcatWebServer : Tomcat started on port 8085 (http) with context path '/'
2025-02-18 10:10:10.111 INFO  9513  --- [main] f.d.d.DemoapirestApplication : Started DemoapirestApplication in 8.582 seconds (process running for 10.023)
2025-02-18 10:11:05.012 INFO  64414 --- [SpringApplicationShutdownHook] o.s.b.w.e.tomcat.GracefulShutdown : Commencing graceful shutdown. Waiting for active requests to complete
2025-02-18 10:11:05.044 INFO  64446 --- [tomcat-shutdown] o.s.b.w.e.tomcat.GracefulShutdown : Graceful shutdown complete
2025-02-18 10:11:05.044 INFO  64446 --- [SpringApplicationShutdownHook] o.s.o.j.LocalContainerEntityManagerFactoryBean : Closing JPA EntityManagerFactory for persistence unit 'default'
2025-02-18 10:11:05.044 INFO  64446 --- [SpringApplicationShutdownHook] com.zaxxer.hikari.HikariDataSource : HikariPool-1 - Shutdown initiated...
2025-02-18 10:11:05.061 INFO  64463 --- [SpringApplicationShutdownHook] com.zaxxer.hikari.HikariDataSource : HikariPool-1 - Shutdown completed.
2025-02-18 10:15:53.445 INFO  1760  --- [main] f.d.d.DemoapirestApplication : Starting DemoapirestApplication using Java 17.0.12 with PID 3884 (C:\Users\oem\Desktop\SpringFormation\demoapirest\target\classes started by oem in C:\Users\oem\Desktop\SpringFormation\demoapirest)
2025-02-18 10:15:53.445 INFO  1760  --- [main] f.d.d.DemoapirestApplication : The following 1 profile is active: "dev"
2025-02-18 10:15:55.231 INFO  3546  --- [main] o.s.d.r.c.RepositoryConfigurationDelegate : Bootstrapping Spring Data JPA repositories in DEFAULT mode.
2025-02-18 10:15:55.284 INFO  3599  --- [main] o.s.d.r.c.RepositoryConfigurationDelegate : Finished Spring Data repository scanning in 29 ms. Found 0 JPA repository interfaces.
2025-02-18 10:15:56.368 INFO  4683  --- [main] o.s.b.w.e.tomcat.TomcatWebServer : Tomcat initialized with port 8085 (http)
2025-02-18 10:15:56.391 INFO  4706  --- [main] o.a.catalina.core.StandardService : Starting service [Tomcat]
2025-02-18 10:15:56.391 INFO  4706  --- [main] o.a.catalina.core.StandardEngine : Starting Servlet engine: [Apache Tomcat/10.1.34]
2025-02-18 10:15:56.539 INFO  4854  --- [main] o.a.c.c.C.[Tomcat].[localhost].[/] : Initializing Spring embedded WebApplicationContext
2025-02-18 10:15:56.539 INFO  4854  --- [main] o.s.b.w.s.c.ServletWebServerApplicationContext : Root WebApplicationContext: initialization completed in 2962 ms
2025-02-18 10:15:56.856 INFO  5171  --- [main] o.h.jpa.internal.util.LogHelper : HHH000204: Processing PersistenceUnitInfo [name: default]
2025-02-18 10:15:56.979 INFO  5294  --- [main] org.hibernate.Version : HHH000412: Hibernate ORM core version 6.6.5.Final
2025-02-18 10:15:57.042 INFO  5357  --- [main] o.h.c.i.RegionFactoryInitiator : HHH000026: Second-level cache disabled
2025-02-18 10:15:57.584 INFO  5899  --- [main] o.s.o.j.p.SpringPersistenceUnitInfo : No LoadTimeWeaver setup: ignoring JPA class transformer
2025-02-18 10:15:57.632 INFO  5947  --- [main] com.zaxxer.hikari.HikariDataSource : HikariPool-1 - Starting...
2025-02-18 10:15:57.840 INFO  6155  --- [main] com.zaxxer.hikari.pool.HikariPool : HikariPool-1 - Added connection org.mariadb.jdbc.Connection@13234ac9
2025-02-18 10:15:57.855 INFO  6170  --- [main] com.zaxxer.hikari.HikariDataSource : HikariPool-1 - Start completed.
2025-02-18 10:15:57.964 INFO  6279  --- [main] o.hibernate.orm.connections.pooling : HHH10001005: Database info:
	Database JDBC URL [Connecting through datasource 'HikariDataSource (HikariPool-1)']
	Database driver: undefined/unknown
	Database version: 11.5.2
	Autocommit mode: undefined/unknown
	Isolation level: undefined/unknown
	Minimum pool size: undefined/unknown
	Maximum pool size: undefined/unknown
2025-02-18 10:15:59.566 INFO  7881  --- [main] o.h.e.t.j.p.i.JtaPlatformInitiator : HHH000489: No JTA platform available (set 'hibernate.transaction.jta.platform' to enable JTA platform integration)
2025-02-18 10:15:59.667 INFO  7982  --- [main] o.s.o.j.LocalContainerEntityManagerFactoryBean : Initialized JPA EntityManagerFactory for persistence unit 'default'
2025-02-18 10:16:00.084 WARN  8399  --- [main] o.s.b.a.o.j.JpaBaseConfiguration$JpaWebConfiguration : spring.jpa.open-in-view is enabled by default. Therefore, database queries may be performed during view rendering. Explicitly configure spring.jpa.open-in-view to disable this warning
2025-02-18 10:16:00.224 INFO  8539  --- [main] o.s.v.b.OptionalValidatorFactoryBean : Failed to set up a Bean Validation provider: jakarta.validation.NoProviderFoundException: Unable to create a Configuration, because no Jakarta Bean Validation provider could be found. Add a provider like Hibernate Validator (RI) to your classpath.
2025-02-18 10:16:00.390 DEBUG 8705  --- [main] o.s.w.s.m.m.a.RequestMappingHandlerMapping : 18 mappings in 'requestMappingHandlerMapping'
2025-02-18 10:16:00.490 DEBUG 8805  --- [main] o.s.w.s.h.SimpleUrlHandlerMapping : Patterns [/webjars/**, /**, /swagger-ui*/*swagger-initializer.js, /swagger-ui*/**] in 'resourceHandlerMapping'
2025-02-18 10:16:00.558 DEBUG 8873  --- [main] o.s.w.s.m.m.a.RequestMappingHandlerAdapter : ControllerAdvice beans: 0 @ModelAttribute, 0 @InitBinder, 1 RequestBodyAdvice, 1 ResponseBodyAdvice
2025-02-18 10:16:00.645 DEBUG 8960  --- [main] o.s.w.s.m.m.a.ExceptionHandlerExceptionResolver : ControllerAdvice beans: 2 @ExceptionHandler, 1 ResponseBodyAdvice
2025-02-18 10:16:01.029 INFO  9344  --- [main] o.s.b.w.e.tomcat.TomcatWebServer : Tomcat started on port 8085 (http) with context path '/'
2025-02-18 10:16:01.076 INFO  9391  --- [main] f.d.d.DemoapirestApplication : Started DemoapirestApplication in 8.519 seconds (process running for 9.898)
2025-02-18 10:16:25.166 INFO  33481 --- [SpringApplicationShutdownHook] o.s.b.w.e.tomcat.GracefulShutdown : Commencing graceful shutdown. Waiting for active requests to complete
2025-02-18 10:16:25.179 INFO  33494 --- [tomcat-shutdown] o.s.b.w.e.tomcat.GracefulShutdown : Graceful shutdown complete
2025-02-18 10:16:25.195 INFO  33510 --- [SpringApplicationShutdownHook] o.s.o.j.LocalContainerEntityManagerFactoryBean : Closing JPA EntityManagerFactory for persistence unit 'default'
2025-02-18 10:16:25.195 INFO  33510 --- [SpringApplicationShutdownHook] com.zaxxer.hikari.HikariDataSource : HikariPool-1 - Shutdown initiated...
2025-02-18 10:16:25.227 INFO  33542 --- [SpringApplicationShutdownHook] com.zaxxer.hikari.HikariDataSource : HikariPool-1 - Shutdown completed.
2025-02-18 10:22:59.239 INFO  1830  --- [main] f.d.d.DemoapirestApplication : Starting DemoapirestApplication using Java 17.0.12 with PID 9444 (C:\Users\oem\Desktop\SpringFormation\demoapirest\target\classes started by oem in C:\Users\oem\Desktop\SpringFormation\demoapirest)
2025-02-18 10:22:59.255 INFO  1846  --- [main] f.d.d.DemoapirestApplication : The following 1 profile is active: "dev"
2025-02-18 10:23:01.312 INFO  3903  --- [main] o.s.d.r.c.RepositoryConfigurationDelegate : Bootstrapping Spring Data JPA repositories in DEFAULT mode.
2025-02-18 10:23:01.398 INFO  3989  --- [main] o.s.d.r.c.RepositoryConfigurationDelegate : Finished Spring Data repository scanning in 36 ms. Found 0 JPA repository interfaces.
2025-02-18 10:23:02.474 INFO  5065  --- [main] o.s.b.w.e.tomcat.TomcatWebServer : Tomcat initialized with port 8085 (http)
2025-02-18 10:23:02.505 INFO  5096  --- [main] o.a.catalina.core.StandardService : Starting service [Tomcat]
2025-02-18 10:23:02.505 INFO  5096  --- [main] o.a.catalina.core.StandardEngine : Starting Servlet engine: [Apache Tomcat/10.1.34]
2025-02-18 10:23:02.643 INFO  5234  --- [main] o.a.c.c.C.[Tomcat].[localhost].[/] : Initializing Spring embedded WebApplicationContext
2025-02-18 10:23:02.643 INFO  5234  --- [main] o.s.b.w.s.c.ServletWebServerApplicationContext : Root WebApplicationContext: initialization completed in 3259 ms
2025-02-18 10:23:02.961 INFO  5552  --- [main] o.h.jpa.internal.util.LogHelper : HHH000204: Processing PersistenceUnitInfo [name: default]
2025-02-18 10:23:03.077 INFO  5668  --- [main] org.hibernate.Version : HHH000412: Hibernate ORM core version 6.6.5.Final
2025-02-18 10:23:03.146 INFO  5737  --- [main] o.h.c.i.RegionFactoryInitiator : HHH000026: Second-level cache disabled
2025-02-18 10:23:03.700 INFO  6291  --- [main] o.s.o.j.p.SpringPersistenceUnitInfo : No LoadTimeWeaver setup: ignoring JPA class transformer
2025-02-18 10:23:03.752 INFO  6343  --- [main] com.zaxxer.hikari.HikariDataSource : HikariPool-1 - Starting...
2025-02-18 10:23:03.986 INFO  6577  --- [main] com.zaxxer.hikari.pool.HikariPool : HikariPool-1 - Added connection org.mariadb.jdbc.Connection@79308a2
2025-02-18 10:23:03.986 INFO  6577  --- [main] com.zaxxer.hikari.HikariDataSource : HikariPool-1 - Start completed.
2025-02-18 10:23:04.119 INFO  6710  --- [main] o.hibernate.orm.connections.pooling : HHH10001005: Database info:
	Database JDBC URL [Connecting through datasource 'HikariDataSource (HikariPool-1)']
	Database driver: undefined/unknown
	Database version: 11.5.2
	Autocommit mode: undefined/unknown
	Isolation level: undefined/unknown
	Minimum pool size: undefined/unknown
	Maximum pool size: undefined/unknown
2025-02-18 10:23:04.637 WARN  7228  --- [main] o.s.b.w.s.c.AnnotationConfigServletWebServerApplicationContext : Exception encountered during context initialization - cancelling refresh attempt: org.springframework.beans.factory.BeanCreationException: Error creating bean with name 'entityManagerFactory' defined in class path resource [org/springframework/boot/autoconfigure/orm/jpa/HibernateJpaConfiguration.class]: Cannot invoke "org.hibernate.mapping.ToOne.getReferencedEntityName()" because "toOne" is null
2025-02-18 10:23:04.637 INFO  7228  --- [main] com.zaxxer.hikari.HikariDataSource : HikariPool-1 - Shutdown initiated...
2025-02-18 10:23:04.653 INFO  7244  --- [main] com.zaxxer.hikari.HikariDataSource : HikariPool-1 - Shutdown completed.
2025-02-18 10:23:04.658 INFO  7249  --- [main] o.a.catalina.core.StandardService : Stopping service [Tomcat]
2025-02-18 10:23:04.675 INFO  7266  --- [main] o.s.b.a.l.ConditionEvaluationReportLogger : 

Error starting ApplicationContext. To display the condition evaluation report re-run your application with 'debug' enabled.
2025-02-18 10:23:04.705 ERROR 7296  --- [main] o.s.boot.SpringApplication : Application run failed
org.springframework.beans.factory.BeanCreationException: Error creating bean with name 'entityManagerFactory' defined in class path resource [org/springframework/boot/autoconfigure/orm/jpa/HibernateJpaConfiguration.class]: Cannot invoke "org.hibernate.mapping.ToOne.getReferencedEntityName()" because "toOne" is null
	at org.springframework.beans.factory.support.AbstractAutowireCapableBeanFactory.initializeBean(AbstractAutowireCapableBeanFactory.java:1812)
	at org.springframework.beans.factory.support.AbstractAutowireCapableBeanFactory.doCreateBean(AbstractAutowireCapableBeanFactory.java:601)
	at org.springframework.beans.factory.support.AbstractAutowireCapableBeanFactory.createBean(AbstractAutowireCapableBeanFactory.java:523)
	at org.springframework.beans.factory.support.AbstractBeanFactory.lambda$doGetBean$0(AbstractBeanFactory.java:336)
	at org.springframework.beans.factory.support.DefaultSingletonBeanRegistry.getSingleton(DefaultSingletonBeanRegistry.java:307)
	at org.springframework.beans.factory.support.AbstractBeanFactory.doGetBean(AbstractBeanFactory.java:334)
	at org.springframework.beans.factory.support.AbstractBeanFactory.getBean(AbstractBeanFactory.java:204)
	at org.springframework.context.support.AbstractApplicationContext.finishBeanFactoryInitialization(AbstractApplicationContext.java:970)
	at org.springframework.context.support.AbstractApplicationContext.refresh(AbstractApplicationContext.java:627)
	at org.springframework.boot.web.servlet.context.ServletWebServerApplicationContext.refresh(ServletWebServerApplicationContext.java:146)
	at org.springframework.boot.SpringApplication.refresh(SpringApplication.java:752)
	at org.springframework.boot.SpringApplication.refreshContext(SpringApplication.java:439)
	at org.springframework.boot.SpringApplication.run(SpringApplication.java:318)
	at org.springframework.boot.SpringApplication.run(SpringApplication.java:1361)
	at org.springframework.boot.SpringApplication.run(SpringApplication.java:1350)
	at fr.dawan.demoapirest.DemoapirestApplication.main(DemoapirestApplication.java:10)
Caused by: java.lang.NullPointerException: Cannot invoke "org.hibernate.mapping.ToOne.getReferencedEntityName()" because "toOne" is null
	at org.hibernate.boot.model.internal.BinderHelper.checkMappedByType(BinderHelper.java:1149)
	at org.hibernate.boot.model.internal.CollectionBinder.isReversePropertyInJoin(CollectionBinder.java:1641)
	at org.hibernate.boot.model.internal.CollectionBinder.noAssociationTable(CollectionBinder.java:1652)
	at org.hibernate.boot.model.internal.CollectionBinder.bindStarToManySecondPass(CollectionBinder.java:1613)
	at org.hibernate.boot.model.internal.CollectionBinder$1.secondPass(CollectionBinder.java:1604)
	at org.hibernate.boot.model.internal.CollectionSecondPass.doSecondPass(CollectionSecondPass.java:45)
	at org.hibernate.boot.internal.InFlightMetadataCollectorImpl.processSecondPasses(InFlightMetadataCollectorImpl.java:1842)
	at org.hibernate.boot.internal.InFlightMetadataCollectorImpl.processSecondPasses(InFlightMetadataCollectorImpl.java:1800)
	at org.hibernate.boot.model.process.spi.MetadataBuildingProcess.complete(MetadataBuildingProcess.java:334)
	at org.hibernate.jpa.boot.internal.EntityManagerFactoryBuilderImpl.metadata(EntityManagerFactoryBuilderImpl.java:1431)
	at org.hibernate.jpa.boot.internal.EntityManagerFactoryBuilderImpl.build(EntityManagerFactoryBuilderImpl.java:1502)
	at org.springframework.orm.jpa.vendor.SpringHibernateJpaPersistenceProvider.createContainerEntityManagerFactory(SpringHibernateJpaPersistenceProvider.java:66)
	at org.springframework.orm.jpa.LocalContainerEntityManagerFactoryBean.createNativeEntityManagerFactory(LocalContainerEntityManagerFactoryBean.java:390)
	at org.springframework.orm.jpa.AbstractEntityManagerFactoryBean.buildNativeEntityManagerFactory(AbstractEntityManagerFactoryBean.java:419)
	at org.springframework.orm.jpa.AbstractEntityManagerFactoryBean.afterPropertiesSet(AbstractEntityManagerFactoryBean.java:400)
	at org.springframework.orm.jpa.LocalContainerEntityManagerFactoryBean.afterPropertiesSet(LocalContainerEntityManagerFactoryBean.java:366)
	at org.springframework.beans.factory.support.AbstractAutowireCapableBeanFactory.invokeInitMethods(AbstractAutowireCapableBeanFactory.java:1859)
	at org.springframework.beans.factory.support.AbstractAutowireCapableBeanFactory.initializeBean(AbstractAutowireCapableBeanFactory.java:1808)
	... 15 common frames omitted
2025-02-18 10:23:54.066 INFO  1773  --- [main] f.d.d.DemoapirestApplication : Starting DemoapirestApplication using Java 17.0.12 with PID 4856 (C:\Users\oem\Desktop\SpringFormation\demoapirest\target\classes started by oem in C:\Users\oem\Desktop\SpringFormation\demoapirest)
2025-02-18 10:23:54.066 INFO  1773  --- [main] f.d.d.DemoapirestApplication : The following 1 profile is active: "dev"
2025-02-18 10:23:55.901 INFO  3608  --- [main] o.s.d.r.c.RepositoryConfigurationDelegate : Bootstrapping Spring Data JPA repositories in DEFAULT mode.
2025-02-18 10:23:55.964 INFO  3671  --- [main] o.s.d.r.c.RepositoryConfigurationDelegate : Finished Spring Data repository scanning in 30 ms. Found 0 JPA repository interfaces.
2025-02-18 10:23:57.101 INFO  4808  --- [main] o.s.b.w.e.tomcat.TomcatWebServer : Tomcat initialized with port 8085 (http)
2025-02-18 10:23:57.139 INFO  4846  --- [main] o.a.catalina.core.StandardService : Starting service [Tomcat]
2025-02-18 10:23:57.139 INFO  4846  --- [main] o.a.catalina.core.StandardEngine : Starting Servlet engine: [Apache Tomcat/10.1.34]
2025-02-18 10:23:57.288 INFO  4995  --- [main] o.a.c.c.C.[Tomcat].[localhost].[/] : Initializing Spring embedded WebApplicationContext
2025-02-18 10:23:57.303 INFO  5010  --- [main] o.s.b.w.s.c.ServletWebServerApplicationContext : Root WebApplicationContext: initialization completed in 3041 ms
2025-02-18 10:23:57.673 INFO  5380  --- [main] o.h.jpa.internal.util.LogHelper : HHH000204: Processing PersistenceUnitInfo [name: default]
2025-02-18 10:23:57.802 INFO  5509  --- [main] org.hibernate.Version : HHH000412: Hibernate ORM core version 6.6.5.Final
2025-02-18 10:23:57.874 INFO  5581  --- [main] o.h.c.i.RegionFactoryInitiator : HHH000026: Second-level cache disabled
2025-02-18 10:23:58.480 INFO  6187  --- [main] o.s.o.j.p.SpringPersistenceUnitInfo : No LoadTimeWeaver setup: ignoring JPA class transformer
2025-02-18 10:23:58.521 INFO  6228  --- [main] com.zaxxer.hikari.HikariDataSource : HikariPool-1 - Starting...
2025-02-18 10:23:58.725 INFO  6432  --- [main] com.zaxxer.hikari.pool.HikariPool : HikariPool-1 - Added connection org.mariadb.jdbc.Connection@7254838
2025-02-18 10:23:58.725 INFO  6432  --- [main] com.zaxxer.hikari.HikariDataSource : HikariPool-1 - Start completed.
2025-02-18 10:23:58.904 INFO  6611  --- [main] o.hibernate.orm.connections.pooling : HHH10001005: Database info:
	Database JDBC URL [Connecting through datasource 'HikariDataSource (HikariPool-1)']
	Database driver: undefined/unknown
	Database version: 11.5.2
	Autocommit mode: undefined/unknown
	Isolation level: undefined/unknown
	Minimum pool size: undefined/unknown
	Maximum pool size: undefined/unknown
2025-02-18 10:24:00.848 INFO  8555  --- [main] o.h.e.t.j.p.i.JtaPlatformInitiator : HHH000489: No JTA platform available (set 'hibernate.transaction.jta.platform' to enable JTA platform integration)
2025-02-18 10:24:01.048 INFO  8755  --- [main] o.s.o.j.LocalContainerEntityManagerFactoryBean : Initialized JPA EntityManagerFactory for persistence unit 'default'
2025-02-18 10:24:01.468 WARN  9175  --- [main] o.s.b.a.o.j.JpaBaseConfiguration$JpaWebConfiguration : spring.jpa.open-in-view is enabled by default. Therefore, database queries may be performed during view rendering. Explicitly configure spring.jpa.open-in-view to disable this warning
2025-02-18 10:24:01.567 INFO  9274  --- [main] o.s.v.b.OptionalValidatorFactoryBean : Failed to set up a Bean Validation provider: jakarta.validation.NoProviderFoundException: Unable to create a Configuration, because no Jakarta Bean Validation provider could be found. Add a provider like Hibernate Validator (RI) to your classpath.
2025-02-18 10:24:01.716 DEBUG 9423  --- [main] o.s.w.s.m.m.a.RequestMappingHandlerMapping : 18 mappings in 'requestMappingHandlerMapping'
2025-02-18 10:24:01.786 DEBUG 9493  --- [main] o.s.w.s.h.SimpleUrlHandlerMapping : Patterns [/webjars/**, /**, /swagger-ui*/*swagger-initializer.js, /swagger-ui*/**] in 'resourceHandlerMapping'
2025-02-18 10:24:01.854 DEBUG 9561  --- [main] o.s.w.s.m.m.a.RequestMappingHandlerAdapter : ControllerAdvice beans: 0 @ModelAttribute, 0 @InitBinder, 1 RequestBodyAdvice, 1 ResponseBodyAdvice
2025-02-18 10:24:01.955 DEBUG 9662  --- [main] o.s.w.s.m.m.a.ExceptionHandlerExceptionResolver : ControllerAdvice beans: 2 @ExceptionHandler, 1 ResponseBodyAdvice
2025-02-18 10:24:02.358 INFO  10065 --- [main] o.s.b.w.e.tomcat.TomcatWebServer : Tomcat started on port 8085 (http) with context path '/'
2025-02-18 10:24:02.390 INFO  10097 --- [main] f.d.d.DemoapirestApplication : Started DemoapirestApplication in 9.192 seconds (process running for 10.563)
2025-02-18 10:25:17.457 INFO  85164 --- [SpringApplicationShutdownHook] o.s.b.w.e.tomcat.GracefulShutdown : Commencing graceful shutdown. Waiting for active requests to complete
2025-02-18 10:25:17.476 INFO  85183 --- [tomcat-shutdown] o.s.b.w.e.tomcat.GracefulShutdown : Graceful shutdown complete
2025-02-18 10:25:17.482 INFO  85189 --- [SpringApplicationShutdownHook] o.s.o.j.LocalContainerEntityManagerFactoryBean : Closing JPA EntityManagerFactory for persistence unit 'default'
2025-02-18 10:25:17.491 INFO  85198 --- [SpringApplicationShutdownHook] com.zaxxer.hikari.HikariDataSource : HikariPool-1 - Shutdown initiated...
2025-02-18 10:25:17.501 INFO  85208 --- [SpringApplicationShutdownHook] com.zaxxer.hikari.HikariDataSource : HikariPool-1 - Shutdown completed.
2025-02-18 10:34:53.878 INFO  1939  --- [main] f.d.d.DemoapirestApplication : Starting DemoapirestApplication using Java 17.0.12 with PID 1888 (C:\Users\oem\Desktop\SpringFormation\demoapirest\target\classes started by oem in C:\Users\oem\Desktop\SpringFormation\demoapirest)
2025-02-18 10:34:53.878 INFO  1939  --- [main] f.d.d.DemoapirestApplication : The following 1 profile is active: "dev"
2025-02-18 10:34:55.891 INFO  3952  --- [main] o.s.d.r.c.RepositoryConfigurationDelegate : Bootstrapping Spring Data JPA repositories in DEFAULT mode.
2025-02-18 10:34:55.929 INFO  3990  --- [main] o.s.d.r.c.RepositoryConfigurationDelegate : Finished Spring Data repository scanning in 26 ms. Found 0 JPA repository interfaces.
2025-02-18 10:34:57.119 INFO  5180  --- [main] o.s.b.w.e.tomcat.TomcatWebServer : Tomcat initialized with port 8085 (http)
2025-02-18 10:34:57.135 INFO  5196  --- [main] o.a.catalina.core.StandardService : Starting service [Tomcat]
2025-02-18 10:34:57.152 INFO  5213  --- [main] o.a.catalina.core.StandardEngine : Starting Servlet engine: [Apache Tomcat/10.1.34]
2025-02-18 10:34:57.283 INFO  5344  --- [main] o.a.c.c.C.[Tomcat].[localhost].[/] : Initializing Spring embedded WebApplicationContext
2025-02-18 10:34:57.299 INFO  5360  --- [main] o.s.b.w.s.c.ServletWebServerApplicationContext : Root WebApplicationContext: initialization completed in 3255 ms
2025-02-18 10:34:57.602 INFO  5663  --- [main] o.h.jpa.internal.util.LogHelper : HHH000204: Processing PersistenceUnitInfo [name: default]
2025-02-18 10:34:57.740 INFO  5801  --- [main] org.hibernate.Version : HHH000412: Hibernate ORM core version 6.6.5.Final
2025-02-18 10:34:57.819 INFO  5880  --- [main] o.h.c.i.RegionFactoryInitiator : HHH000026: Second-level cache disabled
2025-02-18 10:34:58.361 INFO  6422  --- [main] o.s.o.j.p.SpringPersistenceUnitInfo : No LoadTimeWeaver setup: ignoring JPA class transformer
2025-02-18 10:34:58.430 INFO  6491  --- [main] com.zaxxer.hikari.HikariDataSource : HikariPool-1 - Starting...
2025-02-18 10:34:58.631 INFO  6692  --- [main] com.zaxxer.hikari.pool.HikariPool : HikariPool-1 - Added connection org.mariadb.jdbc.Connection@2e204155
2025-02-18 10:34:58.631 INFO  6692  --- [main] com.zaxxer.hikari.HikariDataSource : HikariPool-1 - Start completed.
2025-02-18 10:34:58.829 INFO  6890  --- [main] o.hibernate.orm.connections.pooling : HHH10001005: Database info:
	Database JDBC URL [Connecting through datasource 'HikariDataSource (HikariPool-1)']
	Database driver: undefined/unknown
	Database version: 11.5.2
	Autocommit mode: undefined/unknown
	Isolation level: undefined/unknown
	Minimum pool size: undefined/unknown
	Maximum pool size: undefined/unknown
2025-02-18 10:34:59.243 ERROR 7304  --- [main] o.s.o.j.LocalContainerEntityManagerFactoryBean : Failed to initialize JPA EntityManagerFactory: Property 'id' of 'fr.dawan.demoapirest.entities.Player.manager' is annotated '@GeneratedValue' but is not part of an identifier
2025-02-18 10:34:59.243 WARN  7304  --- [main] o.s.b.w.s.c.AnnotationConfigServletWebServerApplicationContext : Exception encountered during context initialization - cancelling refresh attempt: org.springframework.beans.factory.BeanCreationException: Error creating bean with name 'entityManagerFactory' defined in class path resource [org/springframework/boot/autoconfigure/orm/jpa/HibernateJpaConfiguration.class]: Property 'id' of 'fr.dawan.demoapirest.entities.Player.manager' is annotated '@GeneratedValue' but is not part of an identifier
2025-02-18 10:34:59.243 INFO  7304  --- [main] com.zaxxer.hikari.HikariDataSource : HikariPool-1 - Shutdown initiated...
2025-02-18 10:34:59.243 INFO  7304  --- [main] com.zaxxer.hikari.HikariDataSource : HikariPool-1 - Shutdown completed.
2025-02-18 10:34:59.259 INFO  7320  --- [main] o.a.catalina.core.StandardService : Stopping service [Tomcat]
2025-02-18 10:34:59.280 INFO  7341  --- [main] o.s.b.a.l.ConditionEvaluationReportLogger : 

Error starting ApplicationContext. To display the condition evaluation report re-run your application with 'debug' enabled.
2025-02-18 10:34:59.312 ERROR 7373  --- [main] o.s.boot.SpringApplication : Application run failed
org.springframework.beans.factory.BeanCreationException: Error creating bean with name 'entityManagerFactory' defined in class path resource [org/springframework/boot/autoconfigure/orm/jpa/HibernateJpaConfiguration.class]: Property 'id' of 'fr.dawan.demoapirest.entities.Player.manager' is annotated '@GeneratedValue' but is not part of an identifier
	at org.springframework.beans.factory.support.AbstractAutowireCapableBeanFactory.initializeBean(AbstractAutowireCapableBeanFactory.java:1812)
	at org.springframework.beans.factory.support.AbstractAutowireCapableBeanFactory.doCreateBean(AbstractAutowireCapableBeanFactory.java:601)
	at org.springframework.beans.factory.support.AbstractAutowireCapableBeanFactory.createBean(AbstractAutowireCapableBeanFactory.java:523)
	at org.springframework.beans.factory.support.AbstractBeanFactory.lambda$doGetBean$0(AbstractBeanFactory.java:336)
	at org.springframework.beans.factory.support.DefaultSingletonBeanRegistry.getSingleton(DefaultSingletonBeanRegistry.java:307)
	at org.springframework.beans.factory.support.AbstractBeanFactory.doGetBean(AbstractBeanFactory.java:334)
	at org.springframework.beans.factory.support.AbstractBeanFactory.getBean(AbstractBeanFactory.java:204)
	at org.springframework.context.support.AbstractApplicationContext.finishBeanFactoryInitialization(AbstractApplicationContext.java:970)
	at org.springframework.context.support.AbstractApplicationContext.refresh(AbstractApplicationContext.java:627)
	at org.springframework.boot.web.servlet.context.ServletWebServerApplicationContext.refresh(ServletWebServerApplicationContext.java:146)
	at org.springframework.boot.SpringApplication.refresh(SpringApplication.java:752)
	at org.springframework.boot.SpringApplication.refreshContext(SpringApplication.java:439)
	at org.springframework.boot.SpringApplication.run(SpringApplication.java:318)
	at org.springframework.boot.SpringApplication.run(SpringApplication.java:1361)
	at org.springframework.boot.SpringApplication.run(SpringApplication.java:1350)
	at fr.dawan.demoapirest.DemoapirestApplication.main(DemoapirestApplication.java:10)
Caused by: org.hibernate.AnnotationException: Property 'id' of 'fr.dawan.demoapirest.entities.Player.manager' is annotated '@GeneratedValue' but is not part of an identifier
	at org.hibernate.boot.model.internal.EmbeddableBinder.fillEmbeddable(EmbeddableBinder.java:468)
	at org.hibernate.boot.model.internal.EmbeddableBinder.fillEmbeddable(EmbeddableBinder.java:297)
	at org.hibernate.boot.model.internal.EmbeddableBinder.bindEmbeddable(EmbeddableBinder.java:198)
	at org.hibernate.boot.model.internal.EmbeddableBinder.createCompositeBinder(EmbeddableBinder.java:137)
	at org.hibernate.boot.model.internal.PropertyBinder.bindBasic(PropertyBinder.java:1098)
	at org.hibernate.boot.model.internal.PropertyBinder.bindProperty(PropertyBinder.java:913)
	at org.hibernate.boot.model.internal.PropertyBinder.buildProperty(PropertyBinder.java:811)
	at org.hibernate.boot.model.internal.PropertyBinder.processElementAnnotations(PropertyBinder.java:732)
	at org.hibernate.boot.model.internal.EntityBinder.processIdPropertiesIfNotAlready(EntityBinder.java:1088)
	at org.hibernate.boot.model.internal.EntityBinder.handleIdentifier(EntityBinder.java:419)
	at org.hibernate.boot.model.internal.EntityBinder.bindEntityClass(EntityBinder.java:251)
	at org.hibernate.boot.model.internal.AnnotationBinder.bindClass(AnnotationBinder.java:401)
	at org.hibernate.boot.model.source.internal.annotations.AnnotationMetadataSourceProcessorImpl.processEntityHierarchies(AnnotationMetadataSourceProcessorImpl.java:257)
	at org.hibernate.boot.model.process.spi.MetadataBuildingProcess$1.processEntityHierarchies(MetadataBuildingProcess.java:281)
	at org.hibernate.boot.model.process.spi.MetadataBuildingProcess.complete(MetadataBuildingProcess.java:324)
	at org.hibernate.jpa.boot.internal.EntityManagerFactoryBuilderImpl.metadata(EntityManagerFactoryBuilderImpl.java:1431)
	at org.hibernate.jpa.boot.internal.EntityManagerFactoryBuilderImpl.build(EntityManagerFactoryBuilderImpl.java:1502)
	at org.springframework.orm.jpa.vendor.SpringHibernateJpaPersistenceProvider.createContainerEntityManagerFactory(SpringHibernateJpaPersistenceProvider.java:66)
	at org.springframework.orm.jpa.LocalContainerEntityManagerFactoryBean.createNativeEntityManagerFactory(LocalContainerEntityManagerFactoryBean.java:390)
	at org.springframework.orm.jpa.AbstractEntityManagerFactoryBean.buildNativeEntityManagerFactory(AbstractEntityManagerFactoryBean.java:419)
	at org.springframework.orm.jpa.AbstractEntityManagerFactoryBean.afterPropertiesSet(AbstractEntityManagerFactoryBean.java:400)
	at org.springframework.orm.jpa.LocalContainerEntityManagerFactoryBean.afterPropertiesSet(LocalContainerEntityManagerFactoryBean.java:366)
	at org.springframework.beans.factory.support.AbstractAutowireCapableBeanFactory.invokeInitMethods(AbstractAutowireCapableBeanFactory.java:1859)
	at org.springframework.beans.factory.support.AbstractAutowireCapableBeanFactory.initializeBean(AbstractAutowireCapableBeanFactory.java:1808)
	... 15 common frames omitted
2025-02-18 10:35:45.143 INFO  1920  --- [main] f.d.d.DemoapirestApplication : Starting DemoapirestApplication using Java 17.0.12 with PID 3016 (C:\Users\oem\Desktop\SpringFormation\demoapirest\target\classes started by oem in C:\Users\oem\Desktop\SpringFormation\demoapirest)
2025-02-18 10:35:45.143 INFO  1920  --- [main] f.d.d.DemoapirestApplication : The following 1 profile is active: "dev"
2025-02-18 10:35:47.474 INFO  4251  --- [main] o.s.d.r.c.RepositoryConfigurationDelegate : Bootstrapping Spring Data JPA repositories in DEFAULT mode.
2025-02-18 10:35:47.566 INFO  4343  --- [main] o.s.d.r.c.RepositoryConfigurationDelegate : Finished Spring Data repository scanning in 50 ms. Found 0 JPA repository interfaces.
2025-02-18 10:35:48.645 INFO  5422  --- [main] o.s.b.w.e.tomcat.TomcatWebServer : Tomcat initialized with port 8085 (http)
2025-02-18 10:35:48.661 INFO  5438  --- [main] o.a.catalina.core.StandardService : Starting service [Tomcat]
2025-02-18 10:35:48.679 INFO  5456  --- [main] o.a.catalina.core.StandardEngine : Starting Servlet engine: [Apache Tomcat/10.1.34]
2025-02-18 10:35:48.799 INFO  5576  --- [main] o.a.c.c.C.[Tomcat].[localhost].[/] : Initializing Spring embedded WebApplicationContext
2025-02-18 10:35:48.799 INFO  5576  --- [main] o.s.b.w.s.c.ServletWebServerApplicationContext : Root WebApplicationContext: initialization completed in 3449 ms
2025-02-18 10:35:49.116 INFO  5893  --- [main] o.h.jpa.internal.util.LogHelper : HHH000204: Processing PersistenceUnitInfo [name: default]
2025-02-18 10:35:49.217 INFO  5994  --- [main] org.hibernate.Version : HHH000412: Hibernate ORM core version 6.6.5.Final
2025-02-18 10:35:49.280 INFO  6057  --- [main] o.h.c.i.RegionFactoryInitiator : HHH000026: Second-level cache disabled
2025-02-18 10:35:49.805 INFO  6582  --- [main] o.s.o.j.p.SpringPersistenceUnitInfo : No LoadTimeWeaver setup: ignoring JPA class transformer
2025-02-18 10:35:49.852 INFO  6629  --- [main] com.zaxxer.hikari.HikariDataSource : HikariPool-1 - Starting...
2025-02-18 10:35:50.022 INFO  6799  --- [main] com.zaxxer.hikari.pool.HikariPool : HikariPool-1 - Added connection org.mariadb.jdbc.Connection@11574592
2025-02-18 10:35:50.022 INFO  6799  --- [main] com.zaxxer.hikari.HikariDataSource : HikariPool-1 - Start completed.
2025-02-18 10:35:50.154 INFO  6931  --- [main] o.hibernate.orm.connections.pooling : HHH10001005: Database info:
	Database JDBC URL [Connecting through datasource 'HikariDataSource (HikariPool-1)']
	Database driver: undefined/unknown
	Database version: 11.5.2
	Autocommit mode: undefined/unknown
	Isolation level: undefined/unknown
	Minimum pool size: undefined/unknown
	Maximum pool size: undefined/unknown
2025-02-18 10:35:51.901 INFO  8678  --- [main] o.h.e.t.j.p.i.JtaPlatformInitiator : HHH000489: No JTA platform available (set 'hibernate.transaction.jta.platform' to enable JTA platform integration)
2025-02-18 10:35:52.038 INFO  8815  --- [main] o.s.o.j.LocalContainerEntityManagerFactoryBean : Initialized JPA EntityManagerFactory for persistence unit 'default'
2025-02-18 10:35:52.403 WARN  9180  --- [main] o.s.b.a.o.j.JpaBaseConfiguration$JpaWebConfiguration : spring.jpa.open-in-view is enabled by default. Therefore, database queries may be performed during view rendering. Explicitly configure spring.jpa.open-in-view to disable this warning
2025-02-18 10:35:52.473 INFO  9250  --- [main] o.s.v.b.OptionalValidatorFactoryBean : Failed to set up a Bean Validation provider: jakarta.validation.NoProviderFoundException: Unable to create a Configuration, because no Jakarta Bean Validation provider could be found. Add a provider like Hibernate Validator (RI) to your classpath.
2025-02-18 10:35:52.589 DEBUG 9366  --- [main] o.s.w.s.m.m.a.RequestMappingHandlerMapping : 18 mappings in 'requestMappingHandlerMapping'
2025-02-18 10:35:52.674 DEBUG 9451  --- [main] o.s.w.s.h.SimpleUrlHandlerMapping : Patterns [/webjars/**, /**, /swagger-ui*/*swagger-initializer.js, /swagger-ui*/**] in 'resourceHandlerMapping'
2025-02-18 10:35:52.743 DEBUG 9520  --- [main] o.s.w.s.m.m.a.RequestMappingHandlerAdapter : ControllerAdvice beans: 0 @ModelAttribute, 0 @InitBinder, 1 RequestBodyAdvice, 1 ResponseBodyAdvice
2025-02-18 10:35:52.828 DEBUG 9605  --- [main] o.s.w.s.m.m.a.ExceptionHandlerExceptionResolver : ControllerAdvice beans: 2 @ExceptionHandler, 1 ResponseBodyAdvice
2025-02-18 10:35:53.209 INFO  9986  --- [main] o.s.b.w.e.tomcat.TomcatWebServer : Tomcat started on port 8085 (http) with context path '/'
2025-02-18 10:35:53.230 INFO  10007 --- [main] f.d.d.DemoapirestApplication : Started DemoapirestApplication in 9.051 seconds (process running for 10.528)
2025-02-18 10:38:33.776 INFO  170553 --- [SpringApplicationShutdownHook] o.s.b.w.e.tomcat.GracefulShutdown : Commencing graceful shutdown. Waiting for active requests to complete
2025-02-18 10:38:33.793 INFO  170570 --- [tomcat-shutdown] o.s.b.w.e.tomcat.GracefulShutdown : Graceful shutdown complete
2025-02-18 10:38:33.808 INFO  170585 --- [SpringApplicationShutdownHook] o.s.o.j.LocalContainerEntityManagerFactoryBean : Closing JPA EntityManagerFactory for persistence unit 'default'
2025-02-18 10:38:33.808 INFO  170585 --- [SpringApplicationShutdownHook] com.zaxxer.hikari.HikariDataSource : HikariPool-1 - Shutdown initiated...
2025-02-18 10:38:33.808 INFO  170585 --- [SpringApplicationShutdownHook] com.zaxxer.hikari.HikariDataSource : HikariPool-1 - Shutdown completed.
2025-02-18 10:41:13.788 INFO  1657  --- [main] f.d.d.DemoapirestApplication : Starting DemoapirestApplication using Java 17.0.12 with PID 11884 (C:\Users\oem\Desktop\SpringFormation\demoapirest\target\classes started by oem in C:\Users\oem\Desktop\SpringFormation\demoapirest)
2025-02-18 10:41:13.804 INFO  1673  --- [main] f.d.d.DemoapirestApplication : The following 1 profile is active: "dev"
2025-02-18 10:41:15.688 INFO  3557  --- [main] o.s.d.r.c.RepositoryConfigurationDelegate : Bootstrapping Spring Data JPA repositories in DEFAULT mode.
2025-02-18 10:41:15.751 INFO  3620  --- [main] o.s.d.r.c.RepositoryConfigurationDelegate : Finished Spring Data repository scanning in 31 ms. Found 0 JPA repository interfaces.
2025-02-18 10:41:16.826 INFO  4695  --- [main] o.s.b.w.e.tomcat.TomcatWebServer : Tomcat initialized with port 8085 (http)
2025-02-18 10:41:16.863 INFO  4732  --- [main] o.a.catalina.core.StandardService : Starting service [Tomcat]
2025-02-18 10:41:16.863 INFO  4732  --- [main] o.a.catalina.core.StandardEngine : Starting Servlet engine: [Apache Tomcat/10.1.34]
2025-02-18 10:41:17.012 INFO  4881  --- [main] o.a.c.c.C.[Tomcat].[localhost].[/] : Initializing Spring embedded WebApplicationContext
2025-02-18 10:41:17.012 INFO  4881  --- [main] o.s.b.w.s.c.ServletWebServerApplicationContext : Root WebApplicationContext: initialization completed in 3094 ms
2025-02-18 10:41:17.328 INFO  5197  --- [main] o.h.jpa.internal.util.LogHelper : HHH000204: Processing PersistenceUnitInfo [name: default]
2025-02-18 10:41:17.467 INFO  5336  --- [main] org.hibernate.Version : HHH000412: Hibernate ORM core version 6.6.5.Final
2025-02-18 10:41:17.530 INFO  5399  --- [main] o.h.c.i.RegionFactoryInitiator : HHH000026: Second-level cache disabled
2025-02-18 10:41:18.049 INFO  5918  --- [main] o.s.o.j.p.SpringPersistenceUnitInfo : No LoadTimeWeaver setup: ignoring JPA class transformer
2025-02-18 10:41:18.103 INFO  5972  --- [main] com.zaxxer.hikari.HikariDataSource : HikariPool-1 - Starting...
2025-02-18 10:41:18.272 INFO  6141  --- [main] com.zaxxer.hikari.pool.HikariPool : HikariPool-1 - Added connection org.mariadb.jdbc.Connection@a95cb11
2025-02-18 10:41:18.288 INFO  6157  --- [main] com.zaxxer.hikari.HikariDataSource : HikariPool-1 - Start completed.
2025-02-18 10:41:18.406 INFO  6275  --- [main] o.hibernate.orm.connections.pooling : HHH10001005: Database info:
	Database JDBC URL [Connecting through datasource 'HikariDataSource (HikariPool-1)']
	Database driver: undefined/unknown
	Database version: 11.5.2
	Autocommit mode: undefined/unknown
	Isolation level: undefined/unknown
	Minimum pool size: undefined/unknown
	Maximum pool size: undefined/unknown
2025-02-18 10:41:20.265 INFO  8134  --- [main] o.h.e.t.j.p.i.JtaPlatformInitiator : HHH000489: No JTA platform available (set 'hibernate.transaction.jta.platform' to enable JTA platform integration)
2025-02-18 10:41:20.434 INFO  8303  --- [main] o.s.o.j.LocalContainerEntityManagerFactoryBean : Initialized JPA EntityManagerFactory for persistence unit 'default'
2025-02-18 10:41:20.890 WARN  8759  --- [main] o.s.b.a.o.j.JpaBaseConfiguration$JpaWebConfiguration : spring.jpa.open-in-view is enabled by default. Therefore, database queries may be performed during view rendering. Explicitly configure spring.jpa.open-in-view to disable this warning
2025-02-18 10:41:20.992 INFO  8861  --- [main] o.s.v.b.OptionalValidatorFactoryBean : Failed to set up a Bean Validation provider: jakarta.validation.NoProviderFoundException: Unable to create a Configuration, because no Jakarta Bean Validation provider could be found. Add a provider like Hibernate Validator (RI) to your classpath.
2025-02-18 10:41:21.093 DEBUG 8962  --- [main] o.s.w.s.m.m.a.RequestMappingHandlerMapping : 18 mappings in 'requestMappingHandlerMapping'
2025-02-18 10:41:21.194 DEBUG 9063  --- [main] o.s.w.s.h.SimpleUrlHandlerMapping : Patterns [/webjars/**, /**, /swagger-ui*/*swagger-initializer.js, /swagger-ui*/**] in 'resourceHandlerMapping'
2025-02-18 10:41:21.272 DEBUG 9141  --- [main] o.s.w.s.m.m.a.RequestMappingHandlerAdapter : ControllerAdvice beans: 0 @ModelAttribute, 0 @InitBinder, 1 RequestBodyAdvice, 1 ResponseBodyAdvice
2025-02-18 10:41:21.343 DEBUG 9212  --- [main] o.s.w.s.m.m.a.ExceptionHandlerExceptionResolver : ControllerAdvice beans: 2 @ExceptionHandler, 1 ResponseBodyAdvice
2025-02-18 10:41:21.698 INFO  9567  --- [main] o.s.b.w.e.tomcat.TomcatWebServer : Tomcat started on port 8085 (http) with context path '/'
2025-02-18 10:41:21.730 INFO  9599  --- [main] f.d.d.DemoapirestApplication : Started DemoapirestApplication in 8.786 seconds (process running for 10.098)
2025-02-18 10:46:55.749 INFO  343618 --- [SpringApplicationShutdownHook] o.s.b.w.e.tomcat.GracefulShutdown : Commencing graceful shutdown. Waiting for active requests to complete
2025-02-18 10:46:55.784 INFO  343653 --- [tomcat-shutdown] o.s.b.w.e.tomcat.GracefulShutdown : Graceful shutdown complete
2025-02-18 10:46:55.800 INFO  343669 --- [SpringApplicationShutdownHook] o.s.o.j.LocalContainerEntityManagerFactoryBean : Closing JPA EntityManagerFactory for persistence unit 'default'
2025-02-18 10:46:55.800 INFO  343669 --- [SpringApplicationShutdownHook] com.zaxxer.hikari.HikariDataSource : HikariPool-1 - Shutdown initiated...
2025-02-18 10:46:55.815 INFO  343684 --- [SpringApplicationShutdownHook] com.zaxxer.hikari.HikariDataSource : HikariPool-1 - Shutdown completed.
2025-02-18 10:47:02.403 INFO  1795  --- [main] f.d.d.DemoapirestApplication : Starting DemoapirestApplication using Java 17.0.12 with PID 12148 (C:\Users\oem\Desktop\SpringFormation\demoapirest\target\classes started by oem in C:\Users\oem\Desktop\SpringFormation\demoapirest)
2025-02-18 10:47:02.418 INFO  1810  --- [main] f.d.d.DemoapirestApplication : The following 1 profile is active: "dev"
2025-02-18 10:47:04.249 INFO  3641  --- [main] o.s.d.r.c.RepositoryConfigurationDelegate : Bootstrapping Spring Data JPA repositories in DEFAULT mode.
2025-02-18 10:47:04.286 INFO  3678  --- [main] o.s.d.r.c.RepositoryConfigurationDelegate : Finished Spring Data repository scanning in 29 ms. Found 0 JPA repository interfaces.
2025-02-18 10:47:05.393 INFO  4785  --- [main] o.s.b.w.e.tomcat.TomcatWebServer : Tomcat initialized with port 8085 (http)
2025-02-18 10:47:05.410 INFO  4802  --- [main] o.a.catalina.core.StandardService : Starting service [Tomcat]
2025-02-18 10:47:05.429 INFO  4821  --- [main] o.a.catalina.core.StandardEngine : Starting Servlet engine: [Apache Tomcat/10.1.34]
2025-02-18 10:47:05.557 INFO  4949  --- [main] o.a.c.c.C.[Tomcat].[localhost].[/] : Initializing Spring embedded WebApplicationContext
2025-02-18 10:47:05.557 INFO  4949  --- [main] o.s.b.w.s.c.ServletWebServerApplicationContext : Root WebApplicationContext: initialization completed in 2915 ms
2025-02-18 10:47:05.898 INFO  5290  --- [main] o.h.jpa.internal.util.LogHelper : HHH000204: Processing PersistenceUnitInfo [name: default]
2025-02-18 10:47:05.999 INFO  5391  --- [main] org.hibernate.Version : HHH000412: Hibernate ORM core version 6.6.5.Final
2025-02-18 10:47:06.063 INFO  5455  --- [main] o.h.c.i.RegionFactoryInitiator : HHH000026: Second-level cache disabled
2025-02-18 10:47:06.753 INFO  6145  --- [main] o.s.o.j.p.SpringPersistenceUnitInfo : No LoadTimeWeaver setup: ignoring JPA class transformer
2025-02-18 10:47:06.806 INFO  6198  --- [main] com.zaxxer.hikari.HikariDataSource : HikariPool-1 - Starting...
2025-02-18 10:47:07.057 INFO  6449  --- [main] com.zaxxer.hikari.pool.HikariPool : HikariPool-1 - Added connection org.mariadb.jdbc.Connection@6313b441
2025-02-18 10:47:07.072 INFO  6464  --- [main] com.zaxxer.hikari.HikariDataSource : HikariPool-1 - Start completed.
2025-02-18 10:47:07.211 INFO  6603  --- [main] o.hibernate.orm.connections.pooling : HHH10001005: Database info:
	Database JDBC URL [Connecting through datasource 'HikariDataSource (HikariPool-1)']
	Database driver: undefined/unknown
	Database version: 11.5.2
	Autocommit mode: undefined/unknown
	Isolation level: undefined/unknown
	Minimum pool size: undefined/unknown
	Maximum pool size: undefined/unknown
2025-02-18 10:47:09.161 INFO  8553  --- [main] o.h.e.t.j.p.i.JtaPlatformInitiator : HHH000489: No JTA platform available (set 'hibernate.transaction.jta.platform' to enable JTA platform integration)
2025-02-18 10:47:09.362 INFO  8754  --- [main] o.s.o.j.LocalContainerEntityManagerFactoryBean : Initialized JPA EntityManagerFactory for persistence unit 'default'
2025-02-18 10:47:09.733 WARN  9125  --- [main] o.s.b.a.o.j.JpaBaseConfiguration$JpaWebConfiguration : spring.jpa.open-in-view is enabled by default. Therefore, database queries may be performed during view rendering. Explicitly configure spring.jpa.open-in-view to disable this warning
2025-02-18 10:47:09.833 INFO  9225  --- [main] o.s.v.b.OptionalValidatorFactoryBean : Failed to set up a Bean Validation provider: jakarta.validation.NoProviderFoundException: Unable to create a Configuration, because no Jakarta Bean Validation provider could be found. Add a provider like Hibernate Validator (RI) to your classpath.
2025-02-18 10:47:09.966 DEBUG 9358  --- [main] o.s.w.s.m.m.a.RequestMappingHandlerMapping : 18 mappings in 'requestMappingHandlerMapping'
2025-02-18 10:47:10.067 DEBUG 9459  --- [main] o.s.w.s.h.SimpleUrlHandlerMapping : Patterns [/webjars/**, /**, /swagger-ui*/*swagger-initializer.js, /swagger-ui*/**] in 'resourceHandlerMapping'
2025-02-18 10:47:10.129 DEBUG 9521  --- [main] o.s.w.s.m.m.a.RequestMappingHandlerAdapter : ControllerAdvice beans: 0 @ModelAttribute, 0 @InitBinder, 1 RequestBodyAdvice, 1 ResponseBodyAdvice
2025-02-18 10:47:10.236 DEBUG 9628  --- [main] o.s.w.s.m.m.a.ExceptionHandlerExceptionResolver : ControllerAdvice beans: 2 @ExceptionHandler, 1 ResponseBodyAdvice
2025-02-18 10:47:10.571 INFO  9963  --- [main] o.s.b.w.e.tomcat.TomcatWebServer : Tomcat started on port 8085 (http) with context path '/'
2025-02-18 10:47:10.602 INFO  9994  --- [main] f.d.d.DemoapirestApplication : Started DemoapirestApplication in 9.019 seconds (process running for 10.516)
2025-02-18 10:48:07.188 INFO  66580 --- [SpringApplicationShutdownHook] o.s.b.w.e.tomcat.GracefulShutdown : Commencing graceful shutdown. Waiting for active requests to complete
2025-02-18 10:48:07.205 INFO  66597 --- [tomcat-shutdown] o.s.b.w.e.tomcat.GracefulShutdown : Graceful shutdown complete
2025-02-18 10:48:07.222 INFO  66614 --- [SpringApplicationShutdownHook] o.s.o.j.LocalContainerEntityManagerFactoryBean : Closing JPA EntityManagerFactory for persistence unit 'default'
2025-02-18 10:48:07.222 INFO  66614 --- [SpringApplicationShutdownHook] com.zaxxer.hikari.HikariDataSource : HikariPool-1 - Shutdown initiated...
2025-02-18 10:48:07.237 INFO  66629 --- [SpringApplicationShutdownHook] com.zaxxer.hikari.HikariDataSource : HikariPool-1 - Shutdown completed.
2025-02-18 10:48:13.414 INFO  1793  --- [main] f.d.d.DemoapirestApplication : Starting DemoapirestApplication using Java 17.0.12 with PID 2728 (C:\Users\oem\Desktop\SpringFormation\demoapirest\target\classes started by oem in C:\Users\oem\Desktop\SpringFormation\demoapirest)
2025-02-18 10:48:13.422 INFO  1801  --- [main] f.d.d.DemoapirestApplication : The following 1 profile is active: "dev"
2025-02-18 10:48:15.239 INFO  3618  --- [main] o.s.d.r.c.RepositoryConfigurationDelegate : Bootstrapping Spring Data JPA repositories in DEFAULT mode.
2025-02-18 10:48:15.293 INFO  3672  --- [main] o.s.d.r.c.RepositoryConfigurationDelegate : Finished Spring Data repository scanning in 40 ms. Found 0 JPA repository interfaces.
2025-02-18 10:48:16.416 INFO  4795  --- [main] o.s.b.w.e.tomcat.TomcatWebServer : Tomcat initialized with port 8085 (http)
2025-02-18 10:48:16.432 INFO  4811  --- [main] o.a.catalina.core.StandardService : Starting service [Tomcat]
2025-02-18 10:48:16.432 INFO  4811  --- [main] o.a.catalina.core.StandardEngine : Starting Servlet engine: [Apache Tomcat/10.1.34]
2025-02-18 10:48:16.586 INFO  4965  --- [main] o.a.c.c.C.[Tomcat].[localhost].[/] : Initializing Spring embedded WebApplicationContext
2025-02-18 10:48:16.586 INFO  4965  --- [main] o.s.b.w.s.c.ServletWebServerApplicationContext : Root WebApplicationContext: initialization completed in 3014 ms
2025-02-18 10:48:16.887 INFO  5266  --- [main] o.h.jpa.internal.util.LogHelper : HHH000204: Processing PersistenceUnitInfo [name: default]
2025-02-18 10:48:17.005 INFO  5384  --- [main] org.hibernate.Version : HHH000412: Hibernate ORM core version 6.6.5.Final
2025-02-18 10:48:17.051 INFO  5430  --- [main] o.h.c.i.RegionFactoryInitiator : HHH000026: Second-level cache disabled
2025-02-18 10:48:17.592 INFO  5971  --- [main] o.s.o.j.p.SpringPersistenceUnitInfo : No LoadTimeWeaver setup: ignoring JPA class transformer
2025-02-18 10:48:17.641 INFO  6020  --- [main] com.zaxxer.hikari.HikariDataSource : HikariPool-1 - Starting...
2025-02-18 10:48:17.824 INFO  6203  --- [main] com.zaxxer.hikari.pool.HikariPool : HikariPool-1 - Added connection org.mariadb.jdbc.Connection@79308a2
2025-02-18 10:48:17.824 INFO  6203  --- [main] com.zaxxer.hikari.HikariDataSource : HikariPool-1 - Start completed.
2025-02-18 10:48:17.956 INFO  6335  --- [main] o.hibernate.orm.connections.pooling : HHH10001005: Database info:
	Database JDBC URL [Connecting through datasource 'HikariDataSource (HikariPool-1)']
	Database driver: undefined/unknown
	Database version: 11.5.2
	Autocommit mode: undefined/unknown
	Isolation level: undefined/unknown
	Minimum pool size: undefined/unknown
	Maximum pool size: undefined/unknown
2025-02-18 10:48:19.901 INFO  8280  --- [main] o.h.e.t.j.p.i.JtaPlatformInitiator : HHH000489: No JTA platform available (set 'hibernate.transaction.jta.platform' to enable JTA platform integration)
2025-02-18 10:48:20.025 INFO  8404  --- [main] o.s.o.j.LocalContainerEntityManagerFactoryBean : Initialized JPA EntityManagerFactory for persistence unit 'default'
2025-02-18 10:48:20.405 WARN  8784  --- [main] o.s.b.a.o.j.JpaBaseConfiguration$JpaWebConfiguration : spring.jpa.open-in-view is enabled by default. Therefore, database queries may be performed during view rendering. Explicitly configure spring.jpa.open-in-view to disable this warning
2025-02-18 10:48:20.491 INFO  8870  --- [main] o.s.v.b.OptionalValidatorFactoryBean : Failed to set up a Bean Validation provider: jakarta.validation.NoProviderFoundException: Unable to create a Configuration, because no Jakarta Bean Validation provider could be found. Add a provider like Hibernate Validator (RI) to your classpath.
2025-02-18 10:48:20.613 DEBUG 8992  --- [main] o.s.w.s.m.m.a.RequestMappingHandlerMapping : 18 mappings in 'requestMappingHandlerMapping'
2025-02-18 10:48:20.714 DEBUG 9093  --- [main] o.s.w.s.h.SimpleUrlHandlerMapping : Patterns [/webjars/**, /**, /swagger-ui*/*swagger-initializer.js, /swagger-ui*/**] in 'resourceHandlerMapping'
2025-02-18 10:48:20.778 DEBUG 9157  --- [main] o.s.w.s.m.m.a.RequestMappingHandlerAdapter : ControllerAdvice beans: 0 @ModelAttribute, 0 @InitBinder, 1 RequestBodyAdvice, 1 ResponseBodyAdvice
2025-02-18 10:48:20.863 DEBUG 9242  --- [main] o.s.w.s.m.m.a.ExceptionHandlerExceptionResolver : ControllerAdvice beans: 2 @ExceptionHandler, 1 ResponseBodyAdvice
2025-02-18 10:48:21.235 INFO  9614  --- [main] o.s.b.w.e.tomcat.TomcatWebServer : Tomcat started on port 8085 (http) with context path '/'
2025-02-18 10:48:21.266 INFO  9645  --- [main] f.d.d.DemoapirestApplication : Started DemoapirestApplication in 8.736 seconds (process running for 10.092)
2025-02-18 10:48:32.364 INFO  20743 --- [SpringApplicationShutdownHook] o.s.b.w.e.tomcat.GracefulShutdown : Commencing graceful shutdown. Waiting for active requests to complete
2025-02-18 10:48:32.380 INFO  20759 --- [tomcat-shutdown] o.s.b.w.e.tomcat.GracefulShutdown : Graceful shutdown complete
2025-02-18 10:48:32.396 INFO  20775 --- [SpringApplicationShutdownHook] o.s.o.j.LocalContainerEntityManagerFactoryBean : Closing JPA EntityManagerFactory for persistence unit 'default'
2025-02-18 10:48:32.396 INFO  20775 --- [SpringApplicationShutdownHook] com.zaxxer.hikari.HikariDataSource : HikariPool-1 - Shutdown initiated...
2025-02-18 10:48:32.411 INFO  20790 --- [SpringApplicationShutdownHook] com.zaxxer.hikari.HikariDataSource : HikariPool-1 - Shutdown completed.
